[2022-07-08T00:51:53.031Z] Log level: Info
[2022-07-08T00:51:53.036Z] [info] Validating found git in: git
[2022-07-08T00:51:53.127Z] [info] Using git 2.37.0 from git
[2022-07-08T00:51:53.214Z] > git rev-parse --show-toplevel [36ms]
[2022-07-08T00:51:53.269Z] > git rev-parse --git-dir --git-common-dir [19ms]
[2022-07-08T00:51:53.288Z] [info] Open repository: /home/carlosc/Desktop/Repos/Simu_01-2022
[2022-07-08T00:51:53.372Z] > git status -z -uall [63ms]
[2022-07-08T00:51:53.394Z] > git symbolic-ref --short HEAD [11ms]
[2022-07-08T00:51:53.415Z] > git for-each-ref --format=%(refname)%00%(upstream:short)%00%(objectname)%00%(upstream:track)%00%(upstream:remotename)%00%(upstream:remoteref) refs/heads/master refs/remotes/master [9ms]
[2022-07-08T00:51:53.463Z] > git remote --verbose [6ms]
[2022-07-08T00:51:53.464Z] > git for-each-ref --sort -committerdate --format %(refname) %(objectname) %(*objectname) [36ms]
[2022-07-08T00:51:53.496Z] > git config --get commit.template [6ms]
[2022-07-08T00:51:53.552Z] > git status -z -uall [45ms]
[2022-07-08T00:51:53.563Z] > git symbolic-ref --short HEAD [4ms]
[2022-07-08T00:51:53.575Z] > git for-each-ref --format=%(refname)%00%(upstream:short)%00%(objectname)%00%(upstream:track)%00%(upstream:remotename)%00%(upstream:remoteref) refs/heads/master refs/remotes/master [3ms]
[2022-07-08T00:51:53.596Z] > git for-each-ref --sort -committerdate --format %(refname) %(objectname) %(*objectname) [14ms]
[2022-07-08T00:51:53.599Z] > git remote --verbose [6ms]
[2022-07-08T00:51:53.612Z] > git config --get commit.template [2ms]
[2022-07-08T00:51:53.985Z] > git check-ignore -v -z --stdin [4ms]
[2022-07-08T00:52:28.489Z] > git check-ignore -v -z --stdin [6ms]
[2022-07-08T00:52:29.505Z] > git check-ignore -v -z --stdin [5ms]
[2022-07-08T00:52:31.681Z] > git show --textconv :01 - Data Structures/04 - array2D/main.cpp [15ms]
[2022-07-08T00:52:31.685Z] > git ls-files --stage -- /home/carlosc/Desktop/Repos/Simu_01-2022/01 - Data Structures/04 - array2D/main.cpp [5ms]
[2022-07-08T00:52:31.705Z] > git cat-file -s 89342f7c0b0a53971fa213a805b0a6ff6dbd1d54 [11ms]
